<?xml version="1.0" encoding="UTF-8"?>
<testsuite xmlns:xsi="http://www.w3.org/2001/XMLSchema-instance" xsi:noNamespaceSchemaLocation="https://maven.apache.org/surefire/maven-surefire-plugin/xsd/surefire-test-report-3.0.xsd" version="3.0" name="com.ylab.AppTest" time="2.454" tests="8" errors="0" skipped="0" failures="0">
  <properties>
[...]
</properties>
  <testcase name="testHandleAdminMenuWithoutAuthorization" classname="com.ylab.AppTest" time="2.209"/>
  <testcase name="testHandleUserMenuWithoutAuthorization" classname="com.ylab.AppTest" time="0.008"/>
  <testcase name="testMainExit" classname="com.ylab.AppTest" time="0.008"/>
  <testcase name="testShowUserMenuProfile" classname="com.ylab.AppTest" time="0.032"/>
  <testcase name="testHandleProfileMenuEditName" classname="com.ylab.AppTest" time="0.035"/>
  <testcase name="testHandleTopMenuRegistration" classname="com.ylab.AppTest" time="0.005"/>
  <testcase name="testHandleTopMenuAuthentication" classname="com.ylab.AppTest" time="0.005"/>
  <testcase name="testHandleTransactionsMenuAdd" classname="com.ylab.AppTest" time="0.088"/>
</testsuite>